2024-02-19 00:12:49 - [32minfo[39m: [32mConectado ao banco de dados![39m
2024-02-19 00:12:49 - [32minfo[39m: [32mAplicação executando na porta 3001.[39m
2024-02-19 00:16:56 - [31merror[39m: [31mNão foi possível conectar![39m
2024-02-19 00:17:00 - [32minfo[39m: [32mConectado ao banco de dados![39m
2024-02-19 00:17:00 - [32minfo[39m: [32mAplicação executando na porta 3001.[39m
2024-02-19 00:23:12 - [32minfo[39m: [32mConectado ao banco de dados![39m
2024-02-19 00:23:12 - [32minfo[39m: [32mAplicação executando na porta 3001.[39m
2024-02-19 00:23:14 - [32minfo[39m: [32mConectado ao banco de dados![39m
2024-02-19 00:23:14 - [32minfo[39m: [32mAplicação executando na porta 3001.[39m
2024-02-19 00:26:11 - [32minfo[39m: [32mConectado ao banco de dados![39m
2024-02-19 00:26:11 - [32minfo[39m: [32mAplicação executando na porta 3001.[39m
2024-02-19 00:26:44 - [32minfo[39m: [32mConectado ao banco de dados![39m
2024-02-19 00:26:44 - [32minfo[39m: [32mAplicação executando na porta 3001.[39m
2024-02-19 00:26:48 - [35mhttp[39m: [35mGET /api/ 200 11 - 2.230 ms[39m
[35m[39m
2024-02-19 00:27:02 - [32minfo[39m: [32mConectado ao banco de dados![39m
2024-02-19 00:27:02 - [32minfo[39m: [32mAplicação executando na porta 3001.[39m
2024-02-19 00:27:23 - [32minfo[39m: [32mConectado ao banco de dados![39m
2024-02-19 00:27:23 - [32minfo[39m: [32mAplicação executando na porta 3001.[39m
2024-02-19 00:27:32 - [32minfo[39m: [32mConectado ao banco de dados![39m
2024-02-19 00:27:32 - [32minfo[39m: [32mAplicação executando na porta 3001.[39m
2024-02-19 00:27:42 - [32minfo[39m: [32mConectado ao banco de dados![39m
2024-02-19 00:27:42 - [32minfo[39m: [32mAplicação executando na porta 3001.[39m
2024-02-19 00:27:50 - [32minfo[39m: [32mConectado ao banco de dados![39m
2024-02-19 00:27:50 - [32minfo[39m: [32mAplicação executando na porta 3001.[39m
2024-02-19 00:28:13 - [35mhttp[39m: [35mGET /api/ 200 11 - 3.321 ms[39m
[35m[39m
